<?xml version="1.0" encoding="UTF-8"?>
<testsuite name="BDDTest" tests="11" skipped="0" failures="0" errors="0" timestamp="2016-04-28T22:29:01" hostname="corys-MacBook-Pro.local" time="0.88">
  <properties/>
  <testcase name="check_Replacement_ToUpperCase" classname="BDDTest" time="0.682"/>
  <testcase name="check_Replacement" classname="BDDTest" time="0.031"/>
  <testcase name="replacement_TestForA" classname="BDDTest" time="0.001"/>
  <testcase name="replacement_TestForE" classname="BDDTest" time="0.001"/>
  <testcase name="replacement_TestForI" classname="BDDTest" time="0.001"/>
  <testcase name="replacement_TestForO" classname="BDDTest" time="0.001"/>
  <testcase name="replacement_TestForU" classname="BDDTest" time="0.001"/>
  <testcase name="replacement_testForAllAndCaps" classname="BDDTest" time="0.002"/>
  <testcase name="replacement_testFortesttrue" classname="BDDTest" time="0.001"/>
  <testcase name="rootTest" classname="BDDTest" time="0.022"/>
  <testcase name="toUpperCase_Test" classname="BDDTest" time="0.002"/>
  <system-out><![CDATA[]]></system-out>
  <system-err><![CDATA[[Thread-4] INFO org.eclipse.jetty.util.log - Logging initialized @1386ms
[Thread-4] INFO spark.webserver.JettySparkServer - == Spark has ignited ...
[Thread-4] INFO spark.webserver.JettySparkServer - >> Listening on 0.0.0.0:4567
[Thread-4] INFO org.eclipse.jetty.server.Server - jetty-9.3.2.v20150730
[Thread-4] INFO org.eclipse.jetty.server.ServerConnector - Started ServerConnector@6d5e0477{HTTP/1.1,[http/1.1]}{0.0.0.0:4567}
[Thread-4] INFO org.eclipse.jetty.server.Server - Started @1670ms
Apr 28, 2016 3:29:02 PM com.gargoylesoftware.htmlunit.html.InputElementFactory createElementNS
INFO: Bad input type: "type", creating a text input
Apr 28, 2016 3:29:02 PM com.gargoylesoftware.htmlunit.html.InputElementFactory createElementNS
INFO: Bad input type: "type", creating a text input
Apr 28, 2016 3:29:02 PM com.gargoylesoftware.htmlunit.html.InputElementFactory createElementNS
INFO: Bad input type: "type", creating a text input
[Test worker] INFO spark.webserver.JettySparkServer - >>> Spark shutting down ...
[Test worker] INFO org.eclipse.jetty.server.ServerConnector - Stopped ServerConnector@6d5e0477{HTTP/1.1,[http/1.1]}{0.0.0.0:4567}
[Test worker] INFO spark.webserver.JettySparkServer - done
]]></system-err>
</testsuite>
